2021-06-03 10:32:24,741 INFO a.e.s.SwypApplication [main] [] Starting SwypApplication v0.0.1-SNAPSHOT using Java 1.8.0_291 on DESKTOP-PMLBFLV with PID 5952 (D:\workspace\eclipse\logging\git\swyp\target\swyp-0.0.1-SNAPSHOT.jar started by Techvista in D:\workspace\eclipse\logging\git\swyp\target)
2021-06-03 10:32:24,755 DEBUG a.e.s.SwypApplication [main] [] Running with Spring Boot v2.5.0, Spring v5.3.7
2021-06-03 10:32:24,755 INFO a.e.s.SwypApplication [main] [] No active profile set, falling back to default profiles: default
2021-06-03 10:32:25,840 INFO o.s.d.r.c.RepositoryConfigurationDelegate [main] [] Multiple Spring Data modules found, entering strict repository configuration mode!
2021-06-03 10:32:25,842 INFO o.s.d.r.c.RepositoryConfigurationDelegate [main] [] Bootstrapping Spring Data JDBC repositories in DEFAULT mode.
2021-06-03 10:32:25,890 INFO o.s.d.r.c.RepositoryConfigurationExtensionSupport [main] [] Spring Data JDBC - Could not safely identify store assignment for repository candidate interface ae.etisalat.swyp.repository.EmployeeRepository. If you want this repository to be a JDBC repository, consider annotating your entities with one of these annotations: org.springframework.data.relational.core.mapping.Table.
2021-06-03 10:32:25,902 INFO o.s.d.r.c.RepositoryConfigurationExtensionSupport [main] [] Spring Data JDBC - Could not safely identify store assignment for repository candidate interface ae.etisalat.swyp.repository.TxnLoggerRepository. If you want this repository to be a JDBC repository, consider annotating your entities with one of these annotations: org.springframework.data.relational.core.mapping.Table.
2021-06-03 10:32:25,904 INFO o.s.d.r.c.RepositoryConfigurationDelegate [main] [] Finished Spring Data repository scanning in 56 ms. Found 0 JDBC repository interfaces.
2021-06-03 10:32:25,939 INFO o.s.d.r.c.RepositoryConfigurationDelegate [main] [] Multiple Spring Data modules found, entering strict repository configuration mode!
2021-06-03 10:32:25,944 INFO o.s.d.r.c.RepositoryConfigurationDelegate [main] [] Bootstrapping Spring Data JPA repositories in DEFAULT mode.
2021-06-03 10:32:26,079 INFO o.s.d.r.c.RepositoryConfigurationDelegate [main] [] Finished Spring Data repository scanning in 115 ms. Found 2 JPA repository interfaces.
2021-06-03 10:32:26,502 INFO o.s.c.s.PostProcessorRegistrationDelegate$BeanPostProcessorChecker [main] [] Bean 'org.springframework.ws.config.annotation.DelegatingWsConfiguration' of type [org.springframework.ws.config.annotation.DelegatingWsConfiguration$$EnhancerBySpringCGLIB$$b6479e3a] is not eligible for getting processed by all BeanPostProcessors (for example: not eligible for auto-proxying)
2021-06-03 10:32:26,625 INFO o.s.w.s.a.s.AnnotationActionEndpointMapping [main] [] Supporting [WS-Addressing August 2004, WS-Addressing 1.0]
2021-06-03 10:32:27,634 INFO o.a.c.h.Http11NioProtocol [main] [] Initializing ProtocolHandler ["http-nio-8080"]
2021-06-03 10:32:27,634 INFO o.a.c.c.StandardService [main] [] Starting service [Tomcat]
2021-06-03 10:32:27,635 INFO o.a.c.c.StandardEngine [main] [] Starting Servlet engine: [Apache Tomcat/9.0.46]
2021-06-03 10:32:27,781 INFO o.a.c.c.C.[.[.[/] [main] [] Initializing Spring embedded WebApplicationContext
2021-06-03 10:32:27,861 INFO c.z.h.HikariDataSource [main] [] HikariPool-1 - Starting...
2021-06-03 10:32:28,166 INFO c.z.h.HikariDataSource [main] [] HikariPool-1 - Start completed.
2021-06-03 10:32:28,410 INFO o.h.j.i.u.LogHelper [main] [] HHH000204: Processing PersistenceUnitInfo [name: default]
2021-06-03 10:32:28,499 INFO o.h.Version [main] [] HHH000412: Hibernate ORM core version 5.4.31.Final
2021-06-03 10:32:28,673 INFO o.h.a.c.Version [main] [] HCANN000001: Hibernate Commons Annotations {5.1.2.Final}
2021-06-03 10:32:28,827 INFO o.h.d.Dialect [main] [] HHH000400: Using dialect: org.hibernate.dialect.H2Dialect
2021-06-03 10:32:29,596 INFO o.h.e.t.j.p.i.JtaPlatformInitiator [main] [] HHH000490: Using JtaPlatform implementation: [org.hibernate.engine.transaction.jta.platform.internal.NoJtaPlatform]
2021-06-03 10:32:29,608 INFO o.s.o.j.LocalContainerEntityManagerFactoryBean [main] [] Initialized JPA EntityManagerFactory for persistence unit 'default'
2021-06-03 10:32:31,047 INFO o.a.c.h.Http11NioProtocol [main] [] Starting ProtocolHandler ["http-nio-8080"]
2021-06-03 10:32:31,097 INFO a.e.s.SwypApplication [main] [] Started SwypApplication in 7.064 seconds (JVM running for 9.048)
2021-06-03 10:33:54,228 INFO o.a.c.c.C.[.[.[/] [http-nio-8080-exec-3] [] Initializing Spring DispatcherServlet 'dispatcherServlet'
2021-06-03 10:33:54,229 INFO o.s.w.s.DispatcherServlet [http-nio-8080-exec-3] [] Initializing Servlet 'dispatcherServlet'
2021-06-03 10:33:54,239 INFO o.s.w.s.DispatcherServlet [http-nio-8080-exec-3] [] Completed initialization in 8 ms
2021-06-03 10:33:54,376 INFO a.e.s.a.loggerAspect [http-nio-8080-exec-3] [1525138237] method invoked from class ae.etisalat.swyp.controllers.EmployeeController by method getEmployee before executing method
2021-06-03 10:33:54,376 INFO a.e.s.a.loggerAspect [http-nio-8080-exec-3] [1525138237] Request Dto - ["234"]
2021-06-03 10:33:54,411 INFO a.e.s.a.loggerAspect [http-nio-8080-exec-3] [1525138237] method invoked from class ae.etisalat.swyp.service.EmployeeService by method getEmployeeData before executing method
2021-06-03 10:33:54,412 INFO a.e.s.a.loggerAspect [http-nio-8080-exec-3] [1525138237] Request Dto - ["234"]
2021-06-03 10:33:54,524 ERROR a.e.s.a.loggerAspect [http-nio-8080-exec-3] [1525138237] After Throwing exception in method:EmployeeDto ae.etisalat.swyp.service.EmployeeService.getEmployeeData(String)
2021-06-03 10:33:54,524 ERROR a.e.s.a.loggerAspect [http-nio-8080-exec-3] [1525138237] Error description
ae.etisalat.swyp.exceptions.NotFoundException: Employee data is not found!
	at ae.etisalat.swyp.service.EmployeeService.getEmployeeData(EmployeeService.java:57) ~[classes!/:0.0.1-SNAPSHOT]
	at ae.etisalat.swyp.service.EmployeeService$$FastClassBySpringCGLIB$$5087df68.invoke(<generated>) ~[classes!/:0.0.1-SNAPSHOT]
	at org.springframework.cglib.proxy.MethodProxy.invoke(MethodProxy.java:218) ~[spring-core-5.3.7.jar!/:5.3.7]
	at org.springframework.aop.framework.CglibAopProxy$CglibMethodInvocation.invokeJoinpoint(CglibAopProxy.java:779) ~[spring-aop-5.3.7.jar!/:5.3.7]
	at org.springframework.aop.framework.ReflectiveMethodInvocation.proceed(ReflectiveMethodInvocation.java:163) ~[spring-aop-5.3.7.jar!/:5.3.7]
	at org.springframework.aop.framework.CglibAopProxy$CglibMethodInvocation.proceed(CglibAopProxy.java:750) ~[spring-aop-5.3.7.jar!/:5.3.7]
	at org.springframework.aop.aspectj.AspectJAfterThrowingAdvice.invoke(AspectJAfterThrowingAdvice.java:64) [spring-aop-5.3.7.jar!/:5.3.7]
	at org.springframework.aop.framework.ReflectiveMethodInvocation.proceed(ReflectiveMethodInvocation.java:186) [spring-aop-5.3.7.jar!/:5.3.7]
	at org.springframework.aop.framework.CglibAopProxy$CglibMethodInvocation.proceed(CglibAopProxy.java:750) [spring-aop-5.3.7.jar!/:5.3.7]
	at org.springframework.aop.aspectj.MethodInvocationProceedingJoinPoint.proceed(MethodInvocationProceedingJoinPoint.java:89) [spring-aop-5.3.7.jar!/:5.3.7]
	at ae.etisalat.swyp.aspect.loggerAspect.applicationLogger(loggerAspect.java:84) [classes!/:0.0.1-SNAPSHOT]
	at sun.reflect.NativeMethodAccessorImpl.invoke0(Native Method) ~[?:1.8.0_291]
	at sun.reflect.NativeMethodAccessorImpl.invoke(Unknown Source) ~[?:1.8.0_291]
	at sun.reflect.DelegatingMethodAccessorImpl.invoke(Unknown Source) ~[?:1.8.0_291]
	at java.lang.reflect.Method.invoke(Unknown Source) ~[?:1.8.0_291]
	at org.springframework.aop.aspectj.AbstractAspectJAdvice.invokeAdviceMethodWithGivenArgs(AbstractAspectJAdvice.java:634) [spring-aop-5.3.7.jar!/:5.3.7]
	at org.springframework.aop.aspectj.AbstractAspectJAdvice.invokeAdviceMethod(AbstractAspectJAdvice.java:624) [spring-aop-5.3.7.jar!/:5.3.7]
	at org.springframework.aop.aspectj.AspectJAroundAdvice.invoke(AspectJAroundAdvice.java:72) [spring-aop-5.3.7.jar!/:5.3.7]
	at org.springframework.aop.framework.ReflectiveMethodInvocation.proceed(ReflectiveMethodInvocation.java:186) [spring-aop-5.3.7.jar!/:5.3.7]
	at org.springframework.aop.framework.CglibAopProxy$CglibMethodInvocation.proceed(CglibAopProxy.java:750) [spring-aop-5.3.7.jar!/:5.3.7]
	at org.springframework.aop.interceptor.ExposeInvocationInterceptor.invoke(ExposeInvocationInterceptor.java:97) [spring-aop-5.3.7.jar!/:5.3.7]
	at org.springframework.aop.framework.ReflectiveMethodInvocation.proceed(ReflectiveMethodInvocation.java:186) [spring-aop-5.3.7.jar!/:5.3.7]
	at org.springframework.aop.framework.CglibAopProxy$CglibMethodInvocation.proceed(CglibAopProxy.java:750) [spring-aop-5.3.7.jar!/:5.3.7]
	at org.springframework.aop.framework.CglibAopProxy$DynamicAdvisedInterceptor.intercept(CglibAopProxy.java:692) [spring-aop-5.3.7.jar!/:5.3.7]
	at ae.etisalat.swyp.service.EmployeeService$$EnhancerBySpringCGLIB$$d38edd19.getEmployeeData(<generated>) [classes!/:0.0.1-SNAPSHOT]
	at ae.etisalat.swyp.controllers.EmployeeController.getEmployee(EmployeeController.java:26) [classes!/:0.0.1-SNAPSHOT]
	at ae.etisalat.swyp.controllers.EmployeeController$$FastClassBySpringCGLIB$$6bee6627.invoke(<generated>) [classes!/:0.0.1-SNAPSHOT]
	at org.springframework.cglib.proxy.MethodProxy.invoke(MethodProxy.java:218) [spring-core-5.3.7.jar!/:5.3.7]
	at org.springframework.aop.framework.CglibAopProxy$CglibMethodInvocation.invokeJoinpoint(CglibAopProxy.java:779) [spring-aop-5.3.7.jar!/:5.3.7]
	at org.springframework.aop.framework.ReflectiveMethodInvocation.proceed(ReflectiveMethodInvocation.java:163) [spring-aop-5.3.7.jar!/:5.3.7]
	at org.springframework.aop.framework.CglibAopProxy$CglibMethodInvocation.proceed(CglibAopProxy.java:750) [spring-aop-5.3.7.jar!/:5.3.7]
	at org.springframework.aop.aspectj.MethodInvocationProceedingJoinPoint.proceed(MethodInvocationProceedingJoinPoint.java:89) [spring-aop-5.3.7.jar!/:5.3.7]
	at ae.etisalat.swyp.aspect.loggerAspect.controllerLogger(loggerAspect.java:58) [classes!/:0.0.1-SNAPSHOT]
	at sun.reflect.NativeMethodAccessorImpl.invoke0(Native Method) ~[?:1.8.0_291]
	at sun.reflect.NativeMethodAccessorImpl.invoke(Unknown Source) ~[?:1.8.0_291]
	at sun.reflect.DelegatingMethodAccessorImpl.invoke(Unknown Source) ~[?:1.8.0_291]
	at java.lang.reflect.Method.invoke(Unknown Source) ~[?:1.8.0_291]
	at org.springframework.aop.aspectj.AbstractAspectJAdvice.invokeAdviceMethodWithGivenArgs(AbstractAspectJAdvice.java:634) [spring-aop-5.3.7.jar!/:5.3.7]
	at org.springframework.aop.aspectj.AbstractAspectJAdvice.invokeAdviceMethod(AbstractAspectJAdvice.java:624) [spring-aop-5.3.7.jar!/:5.3.7]
	at org.springframework.aop.aspectj.AspectJAroundAdvice.invoke(AspectJAroundAdvice.java:72) [spring-aop-5.3.7.jar!/:5.3.7]
	at org.springframework.aop.framework.ReflectiveMethodInvocation.proceed(ReflectiveMethodInvocation.java:186) [spring-aop-5.3.7.jar!/:5.3.7]
	at org.springframework.aop.framework.CglibAopProxy$CglibMethodInvocation.proceed(CglibAopProxy.java:750) [spring-aop-5.3.7.jar!/:5.3.7]
	at org.springframework.aop.interceptor.ExposeInvocationInterceptor.invoke(ExposeInvocationInterceptor.java:97) [spring-aop-5.3.7.jar!/:5.3.7]
	at org.springframework.aop.framework.ReflectiveMethodInvocation.proceed(ReflectiveMethodInvocation.java:186) [spring-aop-5.3.7.jar!/:5.3.7]
	at org.springframework.aop.framework.CglibAopProxy$CglibMethodInvocation.proceed(CglibAopProxy.java:750) [spring-aop-5.3.7.jar!/:5.3.7]
	at org.springframework.aop.framework.CglibAopProxy$DynamicAdvisedInterceptor.intercept(CglibAopProxy.java:692) [spring-aop-5.3.7.jar!/:5.3.7]
	at ae.etisalat.swyp.controllers.EmployeeController$$EnhancerBySpringCGLIB$$3501ba92.getEmployee(<generated>) [classes!/:0.0.1-SNAPSHOT]
	at sun.reflect.NativeMethodAccessorImpl.invoke0(Native Method) ~[?:1.8.0_291]
	at sun.reflect.NativeMethodAccessorImpl.invoke(Unknown Source) ~[?:1.8.0_291]
	at sun.reflect.DelegatingMethodAccessorImpl.invoke(Unknown Source) ~[?:1.8.0_291]
	at java.lang.reflect.Method.invoke(Unknown Source) ~[?:1.8.0_291]
	at org.springframework.web.method.support.InvocableHandlerMethod.doInvoke(InvocableHandlerMethod.java:197) [spring-web-5.3.7.jar!/:5.3.7]
	at org.springframework.web.method.support.InvocableHandlerMethod.invokeForRequest(InvocableHandlerMethod.java:141) [spring-web-5.3.7.jar!/:5.3.7]
	at org.springframework.web.servlet.mvc.method.annotation.ServletInvocableHandlerMethod.invokeAndHandle(ServletInvocableHandlerMethod.java:106) [spring-webmvc-5.3.7.jar!/:5.3.7]
	at org.springframework.web.servlet.mvc.method.annotation.RequestMappingHandlerAdapter.invokeHandlerMethod(RequestMappingHandlerAdapter.java:894) [spring-webmvc-5.3.7.jar!/:5.3.7]
	at org.springframework.web.servlet.mvc.method.annotation.RequestMappingHandlerAdapter.handleInternal(RequestMappingHandlerAdapter.java:808) [spring-webmvc-5.3.7.jar!/:5.3.7]
	at org.springframework.web.servlet.mvc.method.AbstractHandlerMethodAdapter.handle(AbstractHandlerMethodAdapter.java:87) [spring-webmvc-5.3.7.jar!/:5.3.7]
	at org.springframework.web.servlet.DispatcherServlet.doDispatch(DispatcherServlet.java:1063) [spring-webmvc-5.3.7.jar!/:5.3.7]
	at org.springframework.web.servlet.DispatcherServlet.doService(DispatcherServlet.java:963) [spring-webmvc-5.3.7.jar!/:5.3.7]
	at org.springframework.web.servlet.FrameworkServlet.processRequest(FrameworkServlet.java:1006) [spring-webmvc-5.3.7.jar!/:5.3.7]
	at org.springframework.web.servlet.FrameworkServlet.doGet(FrameworkServlet.java:898) [spring-webmvc-5.3.7.jar!/:5.3.7]
	at javax.servlet.http.HttpServlet.service(HttpServlet.java:626) [tomcat-embed-core-9.0.46.jar!/:?]
	at org.springframework.web.servlet.FrameworkServlet.service(FrameworkServlet.java:883) [spring-webmvc-5.3.7.jar!/:5.3.7]
	at javax.servlet.http.HttpServlet.service(HttpServlet.java:733) [tomcat-embed-core-9.0.46.jar!/:?]
	at org.apache.catalina.core.ApplicationFilterChain.internalDoFilter(ApplicationFilterChain.java:227) [tomcat-embed-core-9.0.46.jar!/:?]
	at org.apache.catalina.core.ApplicationFilterChain.doFilter(ApplicationFilterChain.java:162) [tomcat-embed-core-9.0.46.jar!/:?]
	at org.apache.tomcat.websocket.server.WsFilter.doFilter(WsFilter.java:53) [tomcat-embed-websocket-9.0.46.jar!/:?]
	at org.apache.catalina.core.ApplicationFilterChain.internalDoFilter(ApplicationFilterChain.java:189) [tomcat-embed-core-9.0.46.jar!/:?]
	at org.apache.catalina.core.ApplicationFilterChain.doFilter(ApplicationFilterChain.java:162) [tomcat-embed-core-9.0.46.jar!/:?]
	at org.springframework.web.filter.RequestContextFilter.doFilterInternal(RequestContextFilter.java:100) [spring-web-5.3.7.jar!/:5.3.7]
	at org.springframework.web.filter.OncePerRequestFilter.doFilter(OncePerRequestFilter.java:119) [spring-web-5.3.7.jar!/:5.3.7]
	at org.apache.catalina.core.ApplicationFilterChain.internalDoFilter(ApplicationFilterChain.java:189) [tomcat-embed-core-9.0.46.jar!/:?]
	at org.apache.catalina.core.ApplicationFilterChain.doFilter(ApplicationFilterChain.java:162) [tomcat-embed-core-9.0.46.jar!/:?]
	at org.springframework.web.filter.FormContentFilter.doFilterInternal(FormContentFilter.java:93) [spring-web-5.3.7.jar!/:5.3.7]
	at org.springframework.web.filter.OncePerRequestFilter.doFilter(OncePerRequestFilter.java:119) [spring-web-5.3.7.jar!/:5.3.7]
	at org.apache.catalina.core.ApplicationFilterChain.internalDoFilter(ApplicationFilterChain.java:189) [tomcat-embed-core-9.0.46.jar!/:?]
	at org.apache.catalina.core.ApplicationFilterChain.doFilter(ApplicationFilterChain.java:162) [tomcat-embed-core-9.0.46.jar!/:?]
	at org.springframework.web.filter.CharacterEncodingFilter.doFilterInternal(CharacterEncodingFilter.java:201) [spring-web-5.3.7.jar!/:5.3.7]
	at org.springframework.web.filter.OncePerRequestFilter.doFilter(OncePerRequestFilter.java:119) [spring-web-5.3.7.jar!/:5.3.7]
	at org.apache.catalina.core.ApplicationFilterChain.internalDoFilter(ApplicationFilterChain.java:189) [tomcat-embed-core-9.0.46.jar!/:?]
	at org.apache.catalina.core.ApplicationFilterChain.doFilter(ApplicationFilterChain.java:162) [tomcat-embed-core-9.0.46.jar!/:?]
	at org.apache.catalina.core.StandardWrapperValve.invoke(StandardWrapperValve.java:202) [tomcat-embed-core-9.0.46.jar!/:?]
	at org.apache.catalina.core.StandardContextValve.invoke(StandardContextValve.java:97) [tomcat-embed-core-9.0.46.jar!/:?]
	at org.apache.catalina.authenticator.AuthenticatorBase.invoke(AuthenticatorBase.java:542) [tomcat-embed-core-9.0.46.jar!/:?]
	at org.apache.catalina.core.StandardHostValve.invoke(StandardHostValve.java:143) [tomcat-embed-core-9.0.46.jar!/:?]
	at org.apache.catalina.valves.ErrorReportValve.invoke(ErrorReportValve.java:92) [tomcat-embed-core-9.0.46.jar!/:?]
	at org.apache.catalina.core.StandardEngineValve.invoke(StandardEngineValve.java:78) [tomcat-embed-core-9.0.46.jar!/:?]
	at org.apache.catalina.connector.CoyoteAdapter.service(CoyoteAdapter.java:357) [tomcat-embed-core-9.0.46.jar!/:?]
	at org.apache.coyote.http11.Http11Processor.service(Http11Processor.java:374) [tomcat-embed-core-9.0.46.jar!/:?]
	at org.apache.coyote.AbstractProcessorLight.process(AbstractProcessorLight.java:65) [tomcat-embed-core-9.0.46.jar!/:?]
	at org.apache.coyote.AbstractProtocol$ConnectionHandler.process(AbstractProtocol.java:893) [tomcat-embed-core-9.0.46.jar!/:?]
	at org.apache.tomcat.util.net.NioEndpoint$SocketProcessor.doRun(NioEndpoint.java:1707) [tomcat-embed-core-9.0.46.jar!/:?]
	at org.apache.tomcat.util.net.SocketProcessorBase.run(SocketProcessorBase.java:49) [tomcat-embed-core-9.0.46.jar!/:?]
	at java.util.concurrent.ThreadPoolExecutor.runWorker(Unknown Source) [?:1.8.0_291]
	at java.util.concurrent.ThreadPoolExecutor$Worker.run(Unknown Source) [?:1.8.0_291]
	at org.apache.tomcat.util.threads.TaskThread$WrappingRunnable.run(TaskThread.java:61) [tomcat-embed-core-9.0.46.jar!/:?]
	at java.lang.Thread.run(Unknown Source) [?:1.8.0_291]
