2021-06-03 10:34:45,314 INFO a.e.s.SwypApplication [main] [] Starting SwypApplication using Java 15.0.2 on DESKTOP-PMLBFLV with PID 17204 (D:\workspace\eclipse\logging\git\swyp\target\classes started by Techvista in D:\workspace\eclipse\logging\git\swyp)
2021-06-03 10:34:45,325 DEBUG a.e.s.SwypApplication [main] [] Running with Spring Boot v2.5.0, Spring v5.3.7
2021-06-03 10:34:45,325 INFO a.e.s.SwypApplication [main] [] No active profile set, falling back to default profiles: default
2021-06-03 10:34:46,035 INFO o.s.d.r.c.RepositoryConfigurationDelegate [main] [] Multiple Spring Data modules found, entering strict repository configuration mode!
2021-06-03 10:34:46,036 INFO o.s.d.r.c.RepositoryConfigurationDelegate [main] [] Bootstrapping Spring Data JDBC repositories in DEFAULT mode.
2021-06-03 10:34:46,064 INFO o.s.d.r.c.RepositoryConfigurationExtensionSupport [main] [] Spring Data JDBC - Could not safely identify store assignment for repository candidate interface ae.etisalat.swyp.repository.EmployeeRepository. If you want this repository to be a JDBC repository, consider annotating your entities with one of these annotations: org.springframework.data.relational.core.mapping.Table.
2021-06-03 10:34:46,065 INFO o.s.d.r.c.RepositoryConfigurationExtensionSupport [main] [] Spring Data JDBC - Could not safely identify store assignment for repository candidate interface ae.etisalat.swyp.repository.TxnLoggerRepository. If you want this repository to be a JDBC repository, consider annotating your entities with one of these annotations: org.springframework.data.relational.core.mapping.Table.
2021-06-03 10:34:46,066 INFO o.s.d.r.c.RepositoryConfigurationDelegate [main] [] Finished Spring Data repository scanning in 25 ms. Found 0 JDBC repository interfaces.
2021-06-03 10:34:46,077 INFO o.s.d.r.c.RepositoryConfigurationDelegate [main] [] Multiple Spring Data modules found, entering strict repository configuration mode!
2021-06-03 10:34:46,078 INFO o.s.d.r.c.RepositoryConfigurationDelegate [main] [] Bootstrapping Spring Data JPA repositories in DEFAULT mode.
2021-06-03 10:34:46,109 INFO o.s.d.r.c.RepositoryConfigurationDelegate [main] [] Finished Spring Data repository scanning in 26 ms. Found 2 JPA repository interfaces.
2021-06-03 10:34:46,468 INFO o.s.c.s.PostProcessorRegistrationDelegate$BeanPostProcessorChecker [main] [] Bean 'org.springframework.ws.config.annotation.DelegatingWsConfiguration' of type [org.springframework.ws.config.annotation.DelegatingWsConfiguration$$EnhancerBySpringCGLIB$$15904ab2] is not eligible for getting processed by all BeanPostProcessors (for example: not eligible for auto-proxying)
2021-06-03 10:34:46,509 INFO o.s.w.s.a.s.AnnotationActionEndpointMapping [main] [] Supporting [WS-Addressing August 2004, WS-Addressing 1.0]
2021-06-03 10:34:47,149 INFO o.a.c.h.Http11NioProtocol [main] [] Initializing ProtocolHandler ["http-nio-8080"]
2021-06-03 10:34:47,151 INFO o.a.c.c.StandardService [main] [] Starting service [Tomcat]
2021-06-03 10:34:47,151 INFO o.a.c.c.StandardEngine [main] [] Starting Servlet engine: [Apache Tomcat/9.0.46]
2021-06-03 10:34:47,304 INFO o.a.c.c.C.[.[.[/] [main] [] Initializing Spring embedded WebApplicationContext
2021-06-03 10:34:47,382 INFO c.z.h.HikariDataSource [main] [] HikariPool-1 - Starting...
2021-06-03 10:34:47,599 INFO c.z.h.HikariDataSource [main] [] HikariPool-1 - Start completed.
2021-06-03 10:34:47,867 INFO o.h.j.i.u.LogHelper [main] [] HHH000204: Processing PersistenceUnitInfo [name: default]
2021-06-03 10:34:47,926 INFO o.h.Version [main] [] HHH000412: Hibernate ORM core version 5.4.31.Final
2021-06-03 10:34:48,082 INFO o.h.a.c.Version [main] [] HCANN000001: Hibernate Commons Annotations {5.1.2.Final}
2021-06-03 10:34:48,227 INFO o.h.d.Dialect [main] [] HHH000400: Using dialect: org.hibernate.dialect.H2Dialect
2021-06-03 10:34:48,906 INFO o.h.e.t.j.p.i.JtaPlatformInitiator [main] [] HHH000490: Using JtaPlatform implementation: [org.hibernate.engine.transaction.jta.platform.internal.NoJtaPlatform]
2021-06-03 10:34:48,913 INFO o.s.o.j.LocalContainerEntityManagerFactoryBean [main] [] Initialized JPA EntityManagerFactory for persistence unit 'default'
2021-06-03 10:34:50,298 INFO o.a.c.h.Http11NioProtocol [main] [] Starting ProtocolHandler ["http-nio-8080"]
2021-06-03 10:34:50,340 INFO a.e.s.SwypApplication [main] [] Started SwypApplication in 5.427 seconds (JVM running for 6.227)
2021-06-03 10:35:24,008 INFO o.a.c.c.C.[.[.[/] [http-nio-8080-exec-8] [] Initializing Spring DispatcherServlet 'dispatcherServlet'
2021-06-03 10:35:24,008 INFO o.s.w.s.DispatcherServlet [http-nio-8080-exec-8] [] Initializing Servlet 'dispatcherServlet'
2021-06-03 10:35:24,010 INFO o.s.w.s.DispatcherServlet [http-nio-8080-exec-8] [] Completed initialization in 1 ms
2021-06-03 10:35:24,097 INFO a.e.s.a.loggerAspect [http-nio-8080-exec-8] [1222390649] method invoked from class ae.etisalat.swyp.controllers.EmployeeController by method getEmployee before executing method
2021-06-03 10:35:24,097 INFO a.e.s.a.loggerAspect [http-nio-8080-exec-8] [1222390649] Request Dto - ["234"]
2021-06-03 10:35:24,114 INFO a.e.s.a.loggerAspect [http-nio-8080-exec-8] [1222390649] method invoked from class ae.etisalat.swyp.service.EmployeeService by method getEmployeeData before executing method
2021-06-03 10:35:24,114 INFO a.e.s.a.loggerAspect [http-nio-8080-exec-8] [1222390649] Request Dto - ["234"]
2021-06-03 10:35:24,198 ERROR a.e.s.a.loggerAspect [http-nio-8080-exec-8] [1222390649] After Throwing exception in method:EmployeeDto ae.etisalat.swyp.service.EmployeeService.getEmployeeData(String)
2021-06-03 10:35:24,198 ERROR a.e.s.a.loggerAspect [http-nio-8080-exec-8] [1222390649] Error description
ae.etisalat.swyp.exceptions.NotFoundException: Employee data is not found!
	at ae.etisalat.swyp.service.EmployeeService.getEmployeeData(EmployeeService.java:57) ~[classes/:?]
	at ae.etisalat.swyp.service.EmployeeService$$FastClassBySpringCGLIB$$5087df68.invoke(<generated>) ~[classes/:?]
	at org.springframework.cglib.proxy.MethodProxy.invoke(MethodProxy.java:218) ~[spring-core-5.3.7.jar:5.3.7]
	at org.springframework.aop.framework.CglibAopProxy$CglibMethodInvocation.invokeJoinpoint(CglibAopProxy.java:779) ~[spring-aop-5.3.7.jar:5.3.7]
	at org.springframework.aop.framework.ReflectiveMethodInvocation.proceed(ReflectiveMethodInvocation.java:163) ~[spring-aop-5.3.7.jar:5.3.7]
	at org.springframework.aop.framework.CglibAopProxy$CglibMethodInvocation.proceed(CglibAopProxy.java:750) ~[spring-aop-5.3.7.jar:5.3.7]
	at org.springframework.aop.aspectj.AspectJAfterThrowingAdvice.invoke(AspectJAfterThrowingAdvice.java:64) [spring-aop-5.3.7.jar:5.3.7]
	at org.springframework.aop.framework.ReflectiveMethodInvocation.proceed(ReflectiveMethodInvocation.java:186) [spring-aop-5.3.7.jar:5.3.7]
	at org.springframework.aop.framework.CglibAopProxy$CglibMethodInvocation.proceed(CglibAopProxy.java:750) [spring-aop-5.3.7.jar:5.3.7]
	at org.springframework.aop.aspectj.MethodInvocationProceedingJoinPoint.proceed(MethodInvocationProceedingJoinPoint.java:89) [spring-aop-5.3.7.jar:5.3.7]
	at ae.etisalat.swyp.aspect.loggerAspect.applicationLogger(loggerAspect.java:84) [classes/:?]
	at jdk.internal.reflect.NativeMethodAccessorImpl.invoke0(Native Method) ~[?:?]
	at jdk.internal.reflect.NativeMethodAccessorImpl.invoke(NativeMethodAccessorImpl.java:64) ~[?:?]
	at jdk.internal.reflect.DelegatingMethodAccessorImpl.invoke(DelegatingMethodAccessorImpl.java:43) ~[?:?]
	at java.lang.reflect.Method.invoke(Method.java:564) ~[?:?]
	at org.springframework.aop.aspectj.AbstractAspectJAdvice.invokeAdviceMethodWithGivenArgs(AbstractAspectJAdvice.java:634) [spring-aop-5.3.7.jar:5.3.7]
	at org.springframework.aop.aspectj.AbstractAspectJAdvice.invokeAdviceMethod(AbstractAspectJAdvice.java:624) [spring-aop-5.3.7.jar:5.3.7]
	at org.springframework.aop.aspectj.AspectJAroundAdvice.invoke(AspectJAroundAdvice.java:72) [spring-aop-5.3.7.jar:5.3.7]
	at org.springframework.aop.framework.ReflectiveMethodInvocation.proceed(ReflectiveMethodInvocation.java:186) [spring-aop-5.3.7.jar:5.3.7]
	at org.springframework.aop.framework.CglibAopProxy$CglibMethodInvocation.proceed(CglibAopProxy.java:750) [spring-aop-5.3.7.jar:5.3.7]
	at org.springframework.aop.interceptor.ExposeInvocationInterceptor.invoke(ExposeInvocationInterceptor.java:97) [spring-aop-5.3.7.jar:5.3.7]
	at org.springframework.aop.framework.ReflectiveMethodInvocation.proceed(ReflectiveMethodInvocation.java:186) [spring-aop-5.3.7.jar:5.3.7]
	at org.springframework.aop.framework.CglibAopProxy$CglibMethodInvocation.proceed(CglibAopProxy.java:750) [spring-aop-5.3.7.jar:5.3.7]
	at org.springframework.aop.framework.CglibAopProxy$DynamicAdvisedInterceptor.intercept(CglibAopProxy.java:692) [spring-aop-5.3.7.jar:5.3.7]
	at ae.etisalat.swyp.service.EmployeeService$$EnhancerBySpringCGLIB$$17f3723f.getEmployeeData(<generated>) [classes/:?]
	at ae.etisalat.swyp.controllers.EmployeeController.getEmployee(EmployeeController.java:26) [classes/:?]
	at ae.etisalat.swyp.controllers.EmployeeController$$FastClassBySpringCGLIB$$6bee6627.invoke(<generated>) [classes/:?]
	at org.springframework.cglib.proxy.MethodProxy.invoke(MethodProxy.java:218) [spring-core-5.3.7.jar:5.3.7]
	at org.springframework.aop.framework.CglibAopProxy$CglibMethodInvocation.invokeJoinpoint(CglibAopProxy.java:779) [spring-aop-5.3.7.jar:5.3.7]
	at org.springframework.aop.framework.ReflectiveMethodInvocation.proceed(ReflectiveMethodInvocation.java:163) [spring-aop-5.3.7.jar:5.3.7]
	at org.springframework.aop.framework.CglibAopProxy$CglibMethodInvocation.proceed(CglibAopProxy.java:750) [spring-aop-5.3.7.jar:5.3.7]
	at org.springframework.aop.aspectj.MethodInvocationProceedingJoinPoint.proceed(MethodInvocationProceedingJoinPoint.java:89) [spring-aop-5.3.7.jar:5.3.7]
	at ae.etisalat.swyp.aspect.loggerAspect.controllerLogger(loggerAspect.java:58) [classes/:?]
	at jdk.internal.reflect.NativeMethodAccessorImpl.invoke0(Native Method) ~[?:?]
	at jdk.internal.reflect.NativeMethodAccessorImpl.invoke(NativeMethodAccessorImpl.java:64) ~[?:?]
	at jdk.internal.reflect.DelegatingMethodAccessorImpl.invoke(DelegatingMethodAccessorImpl.java:43) ~[?:?]
	at java.lang.reflect.Method.invoke(Method.java:564) ~[?:?]
	at org.springframework.aop.aspectj.AbstractAspectJAdvice.invokeAdviceMethodWithGivenArgs(AbstractAspectJAdvice.java:634) [spring-aop-5.3.7.jar:5.3.7]
	at org.springframework.aop.aspectj.AbstractAspectJAdvice.invokeAdviceMethod(AbstractAspectJAdvice.java:624) [spring-aop-5.3.7.jar:5.3.7]
	at org.springframework.aop.aspectj.AspectJAroundAdvice.invoke(AspectJAroundAdvice.java:72) [spring-aop-5.3.7.jar:5.3.7]
	at org.springframework.aop.framework.ReflectiveMethodInvocation.proceed(ReflectiveMethodInvocation.java:186) [spring-aop-5.3.7.jar:5.3.7]
	at org.springframework.aop.framework.CglibAopProxy$CglibMethodInvocation.proceed(CglibAopProxy.java:750) [spring-aop-5.3.7.jar:5.3.7]
	at org.springframework.aop.interceptor.ExposeInvocationInterceptor.invoke(ExposeInvocationInterceptor.java:97) [spring-aop-5.3.7.jar:5.3.7]
	at org.springframework.aop.framework.ReflectiveMethodInvocation.proceed(ReflectiveMethodInvocation.java:186) [spring-aop-5.3.7.jar:5.3.7]
	at org.springframework.aop.framework.CglibAopProxy$CglibMethodInvocation.proceed(CglibAopProxy.java:750) [spring-aop-5.3.7.jar:5.3.7]
	at org.springframework.aop.framework.CglibAopProxy$DynamicAdvisedInterceptor.intercept(CglibAopProxy.java:692) [spring-aop-5.3.7.jar:5.3.7]
	at ae.etisalat.swyp.controllers.EmployeeController$$EnhancerBySpringCGLIB$$6912dc2c.getEmployee(<generated>) [classes/:?]
	at jdk.internal.reflect.NativeMethodAccessorImpl.invoke0(Native Method) ~[?:?]
	at jdk.internal.reflect.NativeMethodAccessorImpl.invoke(NativeMethodAccessorImpl.java:64) ~[?:?]
	at jdk.internal.reflect.DelegatingMethodAccessorImpl.invoke(DelegatingMethodAccessorImpl.java:43) ~[?:?]
	at java.lang.reflect.Method.invoke(Method.java:564) ~[?:?]
	at org.springframework.web.method.support.InvocableHandlerMethod.doInvoke(InvocableHandlerMethod.java:197) [spring-web-5.3.7.jar:5.3.7]
	at org.springframework.web.method.support.InvocableHandlerMethod.invokeForRequest(InvocableHandlerMethod.java:141) [spring-web-5.3.7.jar:5.3.7]
	at org.springframework.web.servlet.mvc.method.annotation.ServletInvocableHandlerMethod.invokeAndHandle(ServletInvocableHandlerMethod.java:106) [spring-webmvc-5.3.7.jar:5.3.7]
	at org.springframework.web.servlet.mvc.method.annotation.RequestMappingHandlerAdapter.invokeHandlerMethod(RequestMappingHandlerAdapter.java:894) [spring-webmvc-5.3.7.jar:5.3.7]
	at org.springframework.web.servlet.mvc.method.annotation.RequestMappingHandlerAdapter.handleInternal(RequestMappingHandlerAdapter.java:808) [spring-webmvc-5.3.7.jar:5.3.7]
	at org.springframework.web.servlet.mvc.method.AbstractHandlerMethodAdapter.handle(AbstractHandlerMethodAdapter.java:87) [spring-webmvc-5.3.7.jar:5.3.7]
	at org.springframework.web.servlet.DispatcherServlet.doDispatch(DispatcherServlet.java:1063) [spring-webmvc-5.3.7.jar:5.3.7]
	at org.springframework.web.servlet.DispatcherServlet.doService(DispatcherServlet.java:963) [spring-webmvc-5.3.7.jar:5.3.7]
	at org.springframework.web.servlet.FrameworkServlet.processRequest(FrameworkServlet.java:1006) [spring-webmvc-5.3.7.jar:5.3.7]
	at org.springframework.web.servlet.FrameworkServlet.doGet(FrameworkServlet.java:898) [spring-webmvc-5.3.7.jar:5.3.7]
	at javax.servlet.http.HttpServlet.service(HttpServlet.java:626) [tomcat-embed-core-9.0.46.jar:4.0.FR]
	at org.springframework.web.servlet.FrameworkServlet.service(FrameworkServlet.java:883) [spring-webmvc-5.3.7.jar:5.3.7]
	at javax.servlet.http.HttpServlet.service(HttpServlet.java:733) [tomcat-embed-core-9.0.46.jar:4.0.FR]
	at org.apache.catalina.core.ApplicationFilterChain.internalDoFilter(ApplicationFilterChain.java:227) [tomcat-embed-core-9.0.46.jar:9.0.46]
	at org.apache.catalina.core.ApplicationFilterChain.doFilter(ApplicationFilterChain.java:162) [tomcat-embed-core-9.0.46.jar:9.0.46]
	at org.apache.tomcat.websocket.server.WsFilter.doFilter(WsFilter.java:53) [tomcat-embed-websocket-9.0.46.jar:9.0.46]
	at org.apache.catalina.core.ApplicationFilterChain.internalDoFilter(ApplicationFilterChain.java:189) [tomcat-embed-core-9.0.46.jar:9.0.46]
	at org.apache.catalina.core.ApplicationFilterChain.doFilter(ApplicationFilterChain.java:162) [tomcat-embed-core-9.0.46.jar:9.0.46]
	at org.springframework.web.filter.RequestContextFilter.doFilterInternal(RequestContextFilter.java:100) [spring-web-5.3.7.jar:5.3.7]
	at org.springframework.web.filter.OncePerRequestFilter.doFilter(OncePerRequestFilter.java:119) [spring-web-5.3.7.jar:5.3.7]
	at org.apache.catalina.core.ApplicationFilterChain.internalDoFilter(ApplicationFilterChain.java:189) [tomcat-embed-core-9.0.46.jar:9.0.46]
	at org.apache.catalina.core.ApplicationFilterChain.doFilter(ApplicationFilterChain.java:162) [tomcat-embed-core-9.0.46.jar:9.0.46]
	at org.springframework.web.filter.FormContentFilter.doFilterInternal(FormContentFilter.java:93) [spring-web-5.3.7.jar:5.3.7]
	at org.springframework.web.filter.OncePerRequestFilter.doFilter(OncePerRequestFilter.java:119) [spring-web-5.3.7.jar:5.3.7]
	at org.apache.catalina.core.ApplicationFilterChain.internalDoFilter(ApplicationFilterChain.java:189) [tomcat-embed-core-9.0.46.jar:9.0.46]
	at org.apache.catalina.core.ApplicationFilterChain.doFilter(ApplicationFilterChain.java:162) [tomcat-embed-core-9.0.46.jar:9.0.46]
	at org.springframework.web.filter.CharacterEncodingFilter.doFilterInternal(CharacterEncodingFilter.java:201) [spring-web-5.3.7.jar:5.3.7]
	at org.springframework.web.filter.OncePerRequestFilter.doFilter(OncePerRequestFilter.java:119) [spring-web-5.3.7.jar:5.3.7]
	at org.apache.catalina.core.ApplicationFilterChain.internalDoFilter(ApplicationFilterChain.java:189) [tomcat-embed-core-9.0.46.jar:9.0.46]
	at org.apache.catalina.core.ApplicationFilterChain.doFilter(ApplicationFilterChain.java:162) [tomcat-embed-core-9.0.46.jar:9.0.46]
	at org.apache.catalina.core.StandardWrapperValve.invoke(StandardWrapperValve.java:202) [tomcat-embed-core-9.0.46.jar:9.0.46]
	at org.apache.catalina.core.StandardContextValve.invoke(StandardContextValve.java:97) [tomcat-embed-core-9.0.46.jar:9.0.46]
	at org.apache.catalina.authenticator.AuthenticatorBase.invoke(AuthenticatorBase.java:542) [tomcat-embed-core-9.0.46.jar:9.0.46]
	at org.apache.catalina.core.StandardHostValve.invoke(StandardHostValve.java:143) [tomcat-embed-core-9.0.46.jar:9.0.46]
	at org.apache.catalina.valves.ErrorReportValve.invoke(ErrorReportValve.java:92) [tomcat-embed-core-9.0.46.jar:9.0.46]
	at org.apache.catalina.core.StandardEngineValve.invoke(StandardEngineValve.java:78) [tomcat-embed-core-9.0.46.jar:9.0.46]
	at org.apache.catalina.connector.CoyoteAdapter.service(CoyoteAdapter.java:357) [tomcat-embed-core-9.0.46.jar:9.0.46]
	at org.apache.coyote.http11.Http11Processor.service(Http11Processor.java:374) [tomcat-embed-core-9.0.46.jar:9.0.46]
	at org.apache.coyote.AbstractProcessorLight.process(AbstractProcessorLight.java:65) [tomcat-embed-core-9.0.46.jar:9.0.46]
	at org.apache.coyote.AbstractProtocol$ConnectionHandler.process(AbstractProtocol.java:893) [tomcat-embed-core-9.0.46.jar:9.0.46]
	at org.apache.tomcat.util.net.NioEndpoint$SocketProcessor.doRun(NioEndpoint.java:1707) [tomcat-embed-core-9.0.46.jar:9.0.46]
	at org.apache.tomcat.util.net.SocketProcessorBase.run(SocketProcessorBase.java:49) [tomcat-embed-core-9.0.46.jar:9.0.46]
	at java.util.concurrent.ThreadPoolExecutor.runWorker(ThreadPoolExecutor.java:1130) [?:?]
	at java.util.concurrent.ThreadPoolExecutor$Worker.run(ThreadPoolExecutor.java:630) [?:?]
	at org.apache.tomcat.util.threads.TaskThread$WrappingRunnable.run(TaskThread.java:61) [tomcat-embed-core-9.0.46.jar:9.0.46]
	at java.lang.Thread.run(Thread.java:832) [?:?]
2021-06-03 10:36:11,161 INFO a.e.s.a.loggerAspect [http-nio-8080-exec-9] [1024614377] method invoked from class ae.etisalat.swyp.controllers.EmployeeController by method getEmployee before executing method
2021-06-03 10:36:11,162 INFO a.e.s.a.loggerAspect [http-nio-8080-exec-9] [1024614377] Request Dto - ["001"]
2021-06-03 10:36:11,162 INFO a.e.s.a.loggerAspect [http-nio-8080-exec-9] [1024614377] method invoked from class ae.etisalat.swyp.service.EmployeeService by method getEmployeeData before executing method
2021-06-03 10:36:11,163 INFO a.e.s.a.loggerAspect [http-nio-8080-exec-9] [1024614377] Request Dto - ["001"]
2021-06-03 10:36:11,252 INFO a.e.s.a.loggerAspect [http-nio-8080-exec-9] [1024614377] method invoked from class ae.etisalat.swyp.service.EmployeeService by method getEmployeeData after executing method
2021-06-03 10:36:11,253 INFO a.e.s.a.loggerAspect [http-nio-8080-exec-9] [1024614377] Response Dto - {"name":"aashna","email":"aashna@gmail.com","employeeId":"001","salary":"500"}
2021-06-03 10:36:11,257 INFO a.e.s.a.loggerAspect [http-nio-8080-exec-9] [1024614377] method invoked from class ae.etisalat.swyp.controllers.EmployeeController by method getEmployee after executing method
2021-06-03 10:36:11,258 INFO a.e.s.a.loggerAspect [http-nio-8080-exec-9] [1024614377] Response Dto - {"name":"aashna","email":"aashna@gmail.com","employeeId":"001","salary":"500"}
2021-06-03 10:48:12,280 INFO a.e.s.a.loggerAspect [http-nio-8080-exec-5] [1883461624] method invoked from class ae.etisalat.swyp.controllers.EmployeeController by method getEmployee before executing method
2021-06-03 10:48:12,281 INFO a.e.s.a.loggerAspect [http-nio-8080-exec-5] [1883461624] Request Dto - ["001"]
2021-06-03 10:48:12,281 INFO a.e.s.a.loggerAspect [http-nio-8080-exec-5] [1883461624] method invoked from class ae.etisalat.swyp.service.EmployeeService by method getEmployeeData before executing method
2021-06-03 10:48:12,281 INFO a.e.s.a.loggerAspect [http-nio-8080-exec-5] [1883461624] Request Dto - ["001"]
2021-06-03 10:48:12,285 INFO a.e.s.a.loggerAspect [http-nio-8080-exec-5] [1883461624] method invoked from class ae.etisalat.swyp.service.EmployeeService by method getEmployeeData after executing method
2021-06-03 10:48:12,286 INFO a.e.s.a.loggerAspect [http-nio-8080-exec-5] [1883461624] Response Dto - {"name":"aashna","email":"aashna@gmail.com","employeeId":"001","salary":"500"}
2021-06-03 10:48:12,289 INFO a.e.s.a.loggerAspect [http-nio-8080-exec-5] [1883461624] method invoked from class ae.etisalat.swyp.controllers.EmployeeController by method getEmployee after executing method
2021-06-03 10:48:12,290 INFO a.e.s.a.loggerAspect [http-nio-8080-exec-5] [1883461624] Response Dto - {"name":"aashna","email":"aashna@gmail.com","employeeId":"001","salary":"500"}
2021-06-03 10:57:38,036 INFO a.e.s.SwypApplication [main] [] Starting SwypApplication using Java 15.0.2 on DESKTOP-PMLBFLV with PID 20328 (D:\workspace\eclipse\logging\git\swyp\target\classes started by Techvista in D:\workspace\eclipse\logging\git\swyp)
2021-06-03 10:57:38,043 DEBUG a.e.s.SwypApplication [main] [] Running with Spring Boot v2.5.0, Spring v5.3.7
2021-06-03 10:57:38,043 INFO a.e.s.SwypApplication [main] [] No active profile set, falling back to default profiles: default
2021-06-03 10:57:38,661 INFO o.s.d.r.c.RepositoryConfigurationDelegate [main] [] Multiple Spring Data modules found, entering strict repository configuration mode!
2021-06-03 10:57:38,662 INFO o.s.d.r.c.RepositoryConfigurationDelegate [main] [] Bootstrapping Spring Data JDBC repositories in DEFAULT mode.
2021-06-03 10:57:38,689 INFO o.s.d.r.c.RepositoryConfigurationExtensionSupport [main] [] Spring Data JDBC - Could not safely identify store assignment for repository candidate interface ae.etisalat.swyp.repository.EmployeeRepository. If you want this repository to be a JDBC repository, consider annotating your entities with one of these annotations: org.springframework.data.relational.core.mapping.Table.
2021-06-03 10:57:38,692 INFO o.s.d.r.c.RepositoryConfigurationExtensionSupport [main] [] Spring Data JDBC - Could not safely identify store assignment for repository candidate interface ae.etisalat.swyp.repository.TxnLoggerRepository. If you want this repository to be a JDBC repository, consider annotating your entities with one of these annotations: org.springframework.data.relational.core.mapping.Table.
2021-06-03 10:57:38,692 INFO o.s.d.r.c.RepositoryConfigurationDelegate [main] [] Finished Spring Data repository scanning in 25 ms. Found 0 JDBC repository interfaces.
2021-06-03 10:57:38,701 INFO o.s.d.r.c.RepositoryConfigurationDelegate [main] [] Multiple Spring Data modules found, entering strict repository configuration mode!
2021-06-03 10:57:38,703 INFO o.s.d.r.c.RepositoryConfigurationDelegate [main] [] Bootstrapping Spring Data JPA repositories in DEFAULT mode.
2021-06-03 10:57:38,730 INFO o.s.d.r.c.RepositoryConfigurationDelegate [main] [] Finished Spring Data repository scanning in 22 ms. Found 2 JPA repository interfaces.
2021-06-03 10:57:39,027 INFO o.s.c.s.PostProcessorRegistrationDelegate$BeanPostProcessorChecker [main] [] Bean 'org.springframework.ws.config.annotation.DelegatingWsConfiguration' of type [org.springframework.ws.config.annotation.DelegatingWsConfiguration$$EnhancerBySpringCGLIB$$df25c76e] is not eligible for getting processed by all BeanPostProcessors (for example: not eligible for auto-proxying)
2021-06-03 10:57:39,061 INFO o.s.w.s.a.s.AnnotationActionEndpointMapping [main] [] Supporting [WS-Addressing August 2004, WS-Addressing 1.0]
2021-06-03 10:57:39,633 INFO o.a.c.h.Http11NioProtocol [main] [] Initializing ProtocolHandler ["http-nio-8080"]
2021-06-03 10:57:39,633 INFO o.a.c.c.StandardService [main] [] Starting service [Tomcat]
2021-06-03 10:57:39,634 INFO o.a.c.c.StandardEngine [main] [] Starting Servlet engine: [Apache Tomcat/9.0.46]
2021-06-03 10:57:39,745 INFO o.a.c.c.C.[.[.[/] [main] [] Initializing Spring embedded WebApplicationContext
2021-06-03 10:57:39,826 INFO c.z.h.HikariDataSource [main] [] HikariPool-1 - Starting...
2021-06-03 10:57:40,037 INFO c.z.h.HikariDataSource [main] [] HikariPool-1 - Start completed.
2021-06-03 10:57:40,271 INFO o.h.j.i.u.LogHelper [main] [] HHH000204: Processing PersistenceUnitInfo [name: default]
2021-06-03 10:57:40,324 INFO o.h.Version [main] [] HHH000412: Hibernate ORM core version 5.4.31.Final
2021-06-03 10:57:40,484 INFO o.h.a.c.Version [main] [] HCANN000001: Hibernate Commons Annotations {5.1.2.Final}
2021-06-03 10:57:40,611 INFO o.h.d.Dialect [main] [] HHH000400: Using dialect: org.hibernate.dialect.H2Dialect
2021-06-03 10:57:41,161 INFO o.h.e.t.j.p.i.JtaPlatformInitiator [main] [] HHH000490: Using JtaPlatform implementation: [org.hibernate.engine.transaction.jta.platform.internal.NoJtaPlatform]
2021-06-03 10:57:41,166 INFO o.s.o.j.LocalContainerEntityManagerFactoryBean [main] [] Initialized JPA EntityManagerFactory for persistence unit 'default'
2021-06-03 10:57:42,407 INFO o.a.c.h.Http11NioProtocol [main] [] Starting ProtocolHandler ["http-nio-8080"]
2021-06-03 10:57:42,438 INFO o.s.o.j.LocalContainerEntityManagerFactoryBean [main] [] Closing JPA EntityManagerFactory for persistence unit 'default'
2021-06-03 10:57:42,438 INFO o.h.t.s.i.SchemaDropperImpl$DelayedDropActionImpl [main] [] HHH000477: Starting delayed evictData of schema as part of SessionFactory shut-down'
2021-06-03 10:57:42,443 INFO c.z.h.HikariDataSource [main] [] HikariPool-1 - Shutdown initiated...
2021-06-03 10:57:42,445 INFO c.z.h.HikariDataSource [main] [] HikariPool-1 - Shutdown completed.
2021-06-03 10:57:42,448 INFO o.a.c.h.Http11NioProtocol [main] [] Pausing ProtocolHandler ["http-nio-8080"]
2021-06-03 10:57:42,450 INFO o.a.c.c.StandardService [main] [] Stopping service [Tomcat]
2021-06-03 10:57:42,455 INFO o.a.c.h.Http11NioProtocol [main] [] Stopping ProtocolHandler ["http-nio-8080"]
2021-06-03 10:57:42,455 INFO o.a.c.h.Http11NioProtocol [main] [] Destroying ProtocolHandler ["http-nio-8080"]
2021-06-03 10:57:42,477 ERROR o.s.b.d.LoggingFailureAnalysisReporter [main] [] 

***************************
APPLICATION FAILED TO START
***************************

Description:

Web server failed to start. Port 8080 was already in use.

Action:

Identify and stop the process that's listening on port 8080 or configure this application to listen on another port.

2021-06-03 10:58:26,612 INFO a.e.s.SwypApplication [main] [] Starting SwypApplication using Java 15.0.2 on DESKTOP-PMLBFLV with PID 10296 (D:\workspace\eclipse\logging\git\swyp\target\classes started by Techvista in D:\workspace\eclipse\logging\git\swyp)
2021-06-03 10:58:26,620 DEBUG a.e.s.SwypApplication [main] [] Running with Spring Boot v2.5.0, Spring v5.3.7
2021-06-03 10:58:26,621 INFO a.e.s.SwypApplication [main] [] No active profile set, falling back to default profiles: default
2021-06-03 10:58:27,247 INFO o.s.d.r.c.RepositoryConfigurationDelegate [main] [] Multiple Spring Data modules found, entering strict repository configuration mode!
2021-06-03 10:58:27,248 INFO o.s.d.r.c.RepositoryConfigurationDelegate [main] [] Bootstrapping Spring Data JDBC repositories in DEFAULT mode.
2021-06-03 10:58:27,277 INFO o.s.d.r.c.RepositoryConfigurationExtensionSupport [main] [] Spring Data JDBC - Could not safely identify store assignment for repository candidate interface ae.etisalat.swyp.repository.EmployeeRepository. If you want this repository to be a JDBC repository, consider annotating your entities with one of these annotations: org.springframework.data.relational.core.mapping.Table.
2021-06-03 10:58:27,279 INFO o.s.d.r.c.RepositoryConfigurationExtensionSupport [main] [] Spring Data JDBC - Could not safely identify store assignment for repository candidate interface ae.etisalat.swyp.repository.TxnLoggerRepository. If you want this repository to be a JDBC repository, consider annotating your entities with one of these annotations: org.springframework.data.relational.core.mapping.Table.
2021-06-03 10:58:27,280 INFO o.s.d.r.c.RepositoryConfigurationDelegate [main] [] Finished Spring Data repository scanning in 27 ms. Found 0 JDBC repository interfaces.
2021-06-03 10:58:27,289 INFO o.s.d.r.c.RepositoryConfigurationDelegate [main] [] Multiple Spring Data modules found, entering strict repository configuration mode!
2021-06-03 10:58:27,292 INFO o.s.d.r.c.RepositoryConfigurationDelegate [main] [] Bootstrapping Spring Data JPA repositories in DEFAULT mode.
2021-06-03 10:58:27,321 INFO o.s.d.r.c.RepositoryConfigurationDelegate [main] [] Finished Spring Data repository scanning in 24 ms. Found 2 JPA repository interfaces.
2021-06-03 10:58:27,652 INFO o.s.c.s.PostProcessorRegistrationDelegate$BeanPostProcessorChecker [main] [] Bean 'org.springframework.ws.config.annotation.DelegatingWsConfiguration' of type [org.springframework.ws.config.annotation.DelegatingWsConfiguration$$EnhancerBySpringCGLIB$$57b702f4] is not eligible for getting processed by all BeanPostProcessors (for example: not eligible for auto-proxying)
2021-06-03 10:58:27,699 INFO o.s.w.s.a.s.AnnotationActionEndpointMapping [main] [] Supporting [WS-Addressing August 2004, WS-Addressing 1.0]
2021-06-03 10:58:28,272 INFO o.a.c.h.Http11NioProtocol [main] [] Initializing ProtocolHandler ["http-nio-8080"]
2021-06-03 10:58:28,273 INFO o.a.c.c.StandardService [main] [] Starting service [Tomcat]
2021-06-03 10:58:28,274 INFO o.a.c.c.StandardEngine [main] [] Starting Servlet engine: [Apache Tomcat/9.0.46]
2021-06-03 10:58:28,393 INFO o.a.c.c.C.[.[.[/] [main] [] Initializing Spring embedded WebApplicationContext
2021-06-03 10:58:28,479 INFO c.z.h.HikariDataSource [main] [] HikariPool-1 - Starting...
2021-06-03 10:58:28,701 INFO c.z.h.HikariDataSource [main] [] HikariPool-1 - Start completed.
2021-06-03 10:58:28,933 INFO o.h.j.i.u.LogHelper [main] [] HHH000204: Processing PersistenceUnitInfo [name: default]
2021-06-03 10:58:28,991 INFO o.h.Version [main] [] HHH000412: Hibernate ORM core version 5.4.31.Final
2021-06-03 10:58:29,132 INFO o.h.a.c.Version [main] [] HCANN000001: Hibernate Commons Annotations {5.1.2.Final}
2021-06-03 10:58:29,272 INFO o.h.d.Dialect [main] [] HHH000400: Using dialect: org.hibernate.dialect.H2Dialect
2021-06-03 10:58:29,802 INFO o.h.e.t.j.p.i.JtaPlatformInitiator [main] [] HHH000490: Using JtaPlatform implementation: [org.hibernate.engine.transaction.jta.platform.internal.NoJtaPlatform]
2021-06-03 10:58:29,809 INFO o.s.o.j.LocalContainerEntityManagerFactoryBean [main] [] Initialized JPA EntityManagerFactory for persistence unit 'default'
2021-06-03 10:58:31,213 INFO o.a.c.h.Http11NioProtocol [main] [] Starting ProtocolHandler ["http-nio-8080"]
2021-06-03 10:58:31,271 INFO a.e.s.SwypApplication [main] [] Started SwypApplication in 4.985 seconds (JVM running for 5.824)
2021-06-03 10:58:50,141 INFO o.a.c.c.C.[.[.[/] [http-nio-8080-exec-9] [] Initializing Spring DispatcherServlet 'dispatcherServlet'
2021-06-03 10:58:50,141 INFO o.s.w.s.DispatcherServlet [http-nio-8080-exec-9] [] Initializing Servlet 'dispatcherServlet'
2021-06-03 10:58:50,143 INFO o.s.w.s.DispatcherServlet [http-nio-8080-exec-9] [] Completed initialization in 1 ms
2021-06-03 10:58:50,229 INFO a.e.s.a.loggerAspect [http-nio-8080-exec-9] [1300350416] method invoked from class ae.etisalat.swyp.controllers.EmployeeController by method getEmployee before executing method
2021-06-03 10:58:50,229 INFO a.e.s.a.loggerAspect [http-nio-8080-exec-9] [1300350416] Request Dto - ["001"]
2021-06-03 10:58:50,243 INFO a.e.s.a.loggerAspect [http-nio-8080-exec-9] [1300350416] method invoked from class ae.etisalat.swyp.service.EmployeeService by method getEmployeeData before executing method
2021-06-03 10:58:50,244 INFO a.e.s.a.loggerAspect [http-nio-8080-exec-9] [1300350416] Request Dto - ["001"]
2021-06-03 10:58:50,362 INFO a.e.s.a.loggerAspect [http-nio-8080-exec-9] [1300350416] method invoked from class ae.etisalat.swyp.service.EmployeeService by method getEmployeeData after executing method
2021-06-03 10:58:50,363 INFO a.e.s.a.loggerAspect [http-nio-8080-exec-9] [1300350416] Response Dto - {"name":"aashna","email":"aashna@gmail.com","employeeId":"001","salary":"500"}
2021-06-03 10:58:50,397 INFO a.e.s.a.loggerAspect [http-nio-8080-exec-9] [1300350416] method invoked from class ae.etisalat.swyp.controllers.EmployeeController by method getEmployee after executing method
2021-06-03 10:58:50,397 INFO a.e.s.a.loggerAspect [http-nio-8080-exec-9] [1300350416] Response Dto - {"name":"aashna","email":"aashna@gmail.com","employeeId":"001","salary":"500"}
2021-06-03 10:59:06,706 INFO a.e.s.a.loggerAspect [http-nio-8080-exec-3] [1050311687] method invoked from class ae.etisalat.swyp.controllers.EmployeeController by method getEmployee before executing method
2021-06-03 10:59:06,707 INFO a.e.s.a.loggerAspect [http-nio-8080-exec-3] [1050311687] Request Dto - ["1132"]
2021-06-03 10:59:06,707 INFO a.e.s.a.loggerAspect [http-nio-8080-exec-3] [1050311687] method invoked from class ae.etisalat.swyp.service.EmployeeService by method getEmployeeData before executing method
2021-06-03 10:59:06,708 INFO a.e.s.a.loggerAspect [http-nio-8080-exec-3] [1050311687] Request Dto - ["1132"]
2021-06-03 10:59:06,710 ERROR a.e.s.a.loggerAspect [http-nio-8080-exec-3] [1050311687] After Throwing exception in method:EmployeeDto ae.etisalat.swyp.service.EmployeeService.getEmployeeData(String)
2021-06-03 10:59:06,711 ERROR a.e.s.a.loggerAspect [http-nio-8080-exec-3] [1050311687] Error description
ae.etisalat.swyp.exceptions.NotFoundException: Employee data is not found!
	at ae.etisalat.swyp.service.EmployeeService.getEmployeeData(EmployeeService.java:57) ~[classes/:?]
	at ae.etisalat.swyp.service.EmployeeService$$FastClassBySpringCGLIB$$5087df68.invoke(<generated>) ~[classes/:?]
	at org.springframework.cglib.proxy.MethodProxy.invoke(MethodProxy.java:218) ~[spring-core-5.3.7.jar:5.3.7]
	at org.springframework.aop.framework.CglibAopProxy$CglibMethodInvocation.invokeJoinpoint(CglibAopProxy.java:779) ~[spring-aop-5.3.7.jar:5.3.7]
	at org.springframework.aop.framework.ReflectiveMethodInvocation.proceed(ReflectiveMethodInvocation.java:163) ~[spring-aop-5.3.7.jar:5.3.7]
	at org.springframework.aop.framework.CglibAopProxy$CglibMethodInvocation.proceed(CglibAopProxy.java:750) ~[spring-aop-5.3.7.jar:5.3.7]
	at org.springframework.aop.aspectj.AspectJAfterThrowingAdvice.invoke(AspectJAfterThrowingAdvice.java:64) [spring-aop-5.3.7.jar:5.3.7]
	at org.springframework.aop.framework.ReflectiveMethodInvocation.proceed(ReflectiveMethodInvocation.java:186) [spring-aop-5.3.7.jar:5.3.7]
	at org.springframework.aop.framework.CglibAopProxy$CglibMethodInvocation.proceed(CglibAopProxy.java:750) [spring-aop-5.3.7.jar:5.3.7]
	at org.springframework.aop.aspectj.MethodInvocationProceedingJoinPoint.proceed(MethodInvocationProceedingJoinPoint.java:89) [spring-aop-5.3.7.jar:5.3.7]
	at ae.etisalat.swyp.aspect.loggerAspect.applicationLogger(loggerAspect.java:84) [classes/:?]
	at jdk.internal.reflect.NativeMethodAccessorImpl.invoke0(Native Method) ~[?:?]
	at jdk.internal.reflect.NativeMethodAccessorImpl.invoke(NativeMethodAccessorImpl.java:64) ~[?:?]
	at jdk.internal.reflect.DelegatingMethodAccessorImpl.invoke(DelegatingMethodAccessorImpl.java:43) ~[?:?]
	at java.lang.reflect.Method.invoke(Method.java:564) ~[?:?]
	at org.springframework.aop.aspectj.AbstractAspectJAdvice.invokeAdviceMethodWithGivenArgs(AbstractAspectJAdvice.java:634) [spring-aop-5.3.7.jar:5.3.7]
	at org.springframework.aop.aspectj.AbstractAspectJAdvice.invokeAdviceMethod(AbstractAspectJAdvice.java:624) [spring-aop-5.3.7.jar:5.3.7]
	at org.springframework.aop.aspectj.AspectJAroundAdvice.invoke(AspectJAroundAdvice.java:72) [spring-aop-5.3.7.jar:5.3.7]
	at org.springframework.aop.framework.ReflectiveMethodInvocation.proceed(ReflectiveMethodInvocation.java:186) [spring-aop-5.3.7.jar:5.3.7]
	at org.springframework.aop.framework.CglibAopProxy$CglibMethodInvocation.proceed(CglibAopProxy.java:750) [spring-aop-5.3.7.jar:5.3.7]
	at org.springframework.aop.interceptor.ExposeInvocationInterceptor.invoke(ExposeInvocationInterceptor.java:97) [spring-aop-5.3.7.jar:5.3.7]
	at org.springframework.aop.framework.ReflectiveMethodInvocation.proceed(ReflectiveMethodInvocation.java:186) [spring-aop-5.3.7.jar:5.3.7]
	at org.springframework.aop.framework.CglibAopProxy$CglibMethodInvocation.proceed(CglibAopProxy.java:750) [spring-aop-5.3.7.jar:5.3.7]
	at org.springframework.aop.framework.CglibAopProxy$DynamicAdvisedInterceptor.intercept(CglibAopProxy.java:692) [spring-aop-5.3.7.jar:5.3.7]
	at ae.etisalat.swyp.service.EmployeeService$$EnhancerBySpringCGLIB$$d4d5efa6.getEmployeeData(<generated>) [classes/:?]
	at ae.etisalat.swyp.controllers.EmployeeController.getEmployee(EmployeeController.java:26) [classes/:?]
	at ae.etisalat.swyp.controllers.EmployeeController$$FastClassBySpringCGLIB$$6bee6627.invoke(<generated>) [classes/:?]
	at org.springframework.cglib.proxy.MethodProxy.invoke(MethodProxy.java:218) [spring-core-5.3.7.jar:5.3.7]
	at org.springframework.aop.framework.CglibAopProxy$CglibMethodInvocation.invokeJoinpoint(CglibAopProxy.java:779) [spring-aop-5.3.7.jar:5.3.7]
	at org.springframework.aop.framework.ReflectiveMethodInvocation.proceed(ReflectiveMethodInvocation.java:163) [spring-aop-5.3.7.jar:5.3.7]
	at org.springframework.aop.framework.CglibAopProxy$CglibMethodInvocation.proceed(CglibAopProxy.java:750) [spring-aop-5.3.7.jar:5.3.7]
	at org.springframework.aop.aspectj.MethodInvocationProceedingJoinPoint.proceed(MethodInvocationProceedingJoinPoint.java:89) [spring-aop-5.3.7.jar:5.3.7]
	at ae.etisalat.swyp.aspect.loggerAspect.controllerLogger(loggerAspect.java:58) [classes/:?]
	at jdk.internal.reflect.NativeMethodAccessorImpl.invoke0(Native Method) ~[?:?]
	at jdk.internal.reflect.NativeMethodAccessorImpl.invoke(NativeMethodAccessorImpl.java:64) ~[?:?]
	at jdk.internal.reflect.DelegatingMethodAccessorImpl.invoke(DelegatingMethodAccessorImpl.java:43) ~[?:?]
	at java.lang.reflect.Method.invoke(Method.java:564) ~[?:?]
	at org.springframework.aop.aspectj.AbstractAspectJAdvice.invokeAdviceMethodWithGivenArgs(AbstractAspectJAdvice.java:634) [spring-aop-5.3.7.jar:5.3.7]
	at org.springframework.aop.aspectj.AbstractAspectJAdvice.invokeAdviceMethod(AbstractAspectJAdvice.java:624) [spring-aop-5.3.7.jar:5.3.7]
	at org.springframework.aop.aspectj.AspectJAroundAdvice.invoke(AspectJAroundAdvice.java:72) [spring-aop-5.3.7.jar:5.3.7]
	at org.springframework.aop.framework.ReflectiveMethodInvocation.proceed(ReflectiveMethodInvocation.java:186) [spring-aop-5.3.7.jar:5.3.7]
	at org.springframework.aop.framework.CglibAopProxy$CglibMethodInvocation.proceed(CglibAopProxy.java:750) [spring-aop-5.3.7.jar:5.3.7]
	at org.springframework.aop.interceptor.ExposeInvocationInterceptor.invoke(ExposeInvocationInterceptor.java:97) [spring-aop-5.3.7.jar:5.3.7]
	at org.springframework.aop.framework.ReflectiveMethodInvocation.proceed(ReflectiveMethodInvocation.java:186) [spring-aop-5.3.7.jar:5.3.7]
	at org.springframework.aop.framework.CglibAopProxy$CglibMethodInvocation.proceed(CglibAopProxy.java:750) [spring-aop-5.3.7.jar:5.3.7]
	at org.springframework.aop.framework.CglibAopProxy$DynamicAdvisedInterceptor.intercept(CglibAopProxy.java:692) [spring-aop-5.3.7.jar:5.3.7]
	at ae.etisalat.swyp.controllers.EmployeeController$$EnhancerBySpringCGLIB$$faf75e27.getEmployee(<generated>) [classes/:?]
	at jdk.internal.reflect.NativeMethodAccessorImpl.invoke0(Native Method) ~[?:?]
	at jdk.internal.reflect.NativeMethodAccessorImpl.invoke(NativeMethodAccessorImpl.java:64) ~[?:?]
	at jdk.internal.reflect.DelegatingMethodAccessorImpl.invoke(DelegatingMethodAccessorImpl.java:43) ~[?:?]
	at java.lang.reflect.Method.invoke(Method.java:564) ~[?:?]
	at org.springframework.web.method.support.InvocableHandlerMethod.doInvoke(InvocableHandlerMethod.java:197) [spring-web-5.3.7.jar:5.3.7]
	at org.springframework.web.method.support.InvocableHandlerMethod.invokeForRequest(InvocableHandlerMethod.java:141) [spring-web-5.3.7.jar:5.3.7]
	at org.springframework.web.servlet.mvc.method.annotation.ServletInvocableHandlerMethod.invokeAndHandle(ServletInvocableHandlerMethod.java:106) [spring-webmvc-5.3.7.jar:5.3.7]
	at org.springframework.web.servlet.mvc.method.annotation.RequestMappingHandlerAdapter.invokeHandlerMethod(RequestMappingHandlerAdapter.java:894) [spring-webmvc-5.3.7.jar:5.3.7]
	at org.springframework.web.servlet.mvc.method.annotation.RequestMappingHandlerAdapter.handleInternal(RequestMappingHandlerAdapter.java:808) [spring-webmvc-5.3.7.jar:5.3.7]
	at org.springframework.web.servlet.mvc.method.AbstractHandlerMethodAdapter.handle(AbstractHandlerMethodAdapter.java:87) [spring-webmvc-5.3.7.jar:5.3.7]
	at org.springframework.web.servlet.DispatcherServlet.doDispatch(DispatcherServlet.java:1063) [spring-webmvc-5.3.7.jar:5.3.7]
	at org.springframework.web.servlet.DispatcherServlet.doService(DispatcherServlet.java:963) [spring-webmvc-5.3.7.jar:5.3.7]
	at org.springframework.web.servlet.FrameworkServlet.processRequest(FrameworkServlet.java:1006) [spring-webmvc-5.3.7.jar:5.3.7]
	at org.springframework.web.servlet.FrameworkServlet.doGet(FrameworkServlet.java:898) [spring-webmvc-5.3.7.jar:5.3.7]
	at javax.servlet.http.HttpServlet.service(HttpServlet.java:626) [tomcat-embed-core-9.0.46.jar:4.0.FR]
	at org.springframework.web.servlet.FrameworkServlet.service(FrameworkServlet.java:883) [spring-webmvc-5.3.7.jar:5.3.7]
	at javax.servlet.http.HttpServlet.service(HttpServlet.java:733) [tomcat-embed-core-9.0.46.jar:4.0.FR]
	at org.apache.catalina.core.ApplicationFilterChain.internalDoFilter(ApplicationFilterChain.java:227) [tomcat-embed-core-9.0.46.jar:9.0.46]
	at org.apache.catalina.core.ApplicationFilterChain.doFilter(ApplicationFilterChain.java:162) [tomcat-embed-core-9.0.46.jar:9.0.46]
	at org.apache.tomcat.websocket.server.WsFilter.doFilter(WsFilter.java:53) [tomcat-embed-websocket-9.0.46.jar:9.0.46]
	at org.apache.catalina.core.ApplicationFilterChain.internalDoFilter(ApplicationFilterChain.java:189) [tomcat-embed-core-9.0.46.jar:9.0.46]
	at org.apache.catalina.core.ApplicationFilterChain.doFilter(ApplicationFilterChain.java:162) [tomcat-embed-core-9.0.46.jar:9.0.46]
	at org.springframework.web.filter.RequestContextFilter.doFilterInternal(RequestContextFilter.java:100) [spring-web-5.3.7.jar:5.3.7]
	at org.springframework.web.filter.OncePerRequestFilter.doFilter(OncePerRequestFilter.java:119) [spring-web-5.3.7.jar:5.3.7]
	at org.apache.catalina.core.ApplicationFilterChain.internalDoFilter(ApplicationFilterChain.java:189) [tomcat-embed-core-9.0.46.jar:9.0.46]
	at org.apache.catalina.core.ApplicationFilterChain.doFilter(ApplicationFilterChain.java:162) [tomcat-embed-core-9.0.46.jar:9.0.46]
	at org.springframework.web.filter.FormContentFilter.doFilterInternal(FormContentFilter.java:93) [spring-web-5.3.7.jar:5.3.7]
	at org.springframework.web.filter.OncePerRequestFilter.doFilter(OncePerRequestFilter.java:119) [spring-web-5.3.7.jar:5.3.7]
	at org.apache.catalina.core.ApplicationFilterChain.internalDoFilter(ApplicationFilterChain.java:189) [tomcat-embed-core-9.0.46.jar:9.0.46]
	at org.apache.catalina.core.ApplicationFilterChain.doFilter(ApplicationFilterChain.java:162) [tomcat-embed-core-9.0.46.jar:9.0.46]
	at org.springframework.web.filter.CharacterEncodingFilter.doFilterInternal(CharacterEncodingFilter.java:201) [spring-web-5.3.7.jar:5.3.7]
	at org.springframework.web.filter.OncePerRequestFilter.doFilter(OncePerRequestFilter.java:119) [spring-web-5.3.7.jar:5.3.7]
	at org.apache.catalina.core.ApplicationFilterChain.internalDoFilter(ApplicationFilterChain.java:189) [tomcat-embed-core-9.0.46.jar:9.0.46]
	at org.apache.catalina.core.ApplicationFilterChain.doFilter(ApplicationFilterChain.java:162) [tomcat-embed-core-9.0.46.jar:9.0.46]
	at org.apache.catalina.core.StandardWrapperValve.invoke(StandardWrapperValve.java:202) [tomcat-embed-core-9.0.46.jar:9.0.46]
	at org.apache.catalina.core.StandardContextValve.invoke(StandardContextValve.java:97) [tomcat-embed-core-9.0.46.jar:9.0.46]
	at org.apache.catalina.authenticator.AuthenticatorBase.invoke(AuthenticatorBase.java:542) [tomcat-embed-core-9.0.46.jar:9.0.46]
	at org.apache.catalina.core.StandardHostValve.invoke(StandardHostValve.java:143) [tomcat-embed-core-9.0.46.jar:9.0.46]
	at org.apache.catalina.valves.ErrorReportValve.invoke(ErrorReportValve.java:92) [tomcat-embed-core-9.0.46.jar:9.0.46]
	at org.apache.catalina.core.StandardEngineValve.invoke(StandardEngineValve.java:78) [tomcat-embed-core-9.0.46.jar:9.0.46]
	at org.apache.catalina.connector.CoyoteAdapter.service(CoyoteAdapter.java:357) [tomcat-embed-core-9.0.46.jar:9.0.46]
	at org.apache.coyote.http11.Http11Processor.service(Http11Processor.java:374) [tomcat-embed-core-9.0.46.jar:9.0.46]
	at org.apache.coyote.AbstractProcessorLight.process(AbstractProcessorLight.java:65) [tomcat-embed-core-9.0.46.jar:9.0.46]
	at org.apache.coyote.AbstractProtocol$ConnectionHandler.process(AbstractProtocol.java:893) [tomcat-embed-core-9.0.46.jar:9.0.46]
	at org.apache.tomcat.util.net.NioEndpoint$SocketProcessor.doRun(NioEndpoint.java:1707) [tomcat-embed-core-9.0.46.jar:9.0.46]
	at org.apache.tomcat.util.net.SocketProcessorBase.run(SocketProcessorBase.java:49) [tomcat-embed-core-9.0.46.jar:9.0.46]
	at java.util.concurrent.ThreadPoolExecutor.runWorker(ThreadPoolExecutor.java:1130) [?:?]
	at java.util.concurrent.ThreadPoolExecutor$Worker.run(ThreadPoolExecutor.java:630) [?:?]
	at org.apache.tomcat.util.threads.TaskThread$WrappingRunnable.run(TaskThread.java:61) [tomcat-embed-core-9.0.46.jar:9.0.46]
	at java.lang.Thread.run(Thread.java:832) [?:?]
